<?xml version="1.0" encoding="UTF-8"?>
<!-- Generated by org.testng.reporters.JUnitReportReporter -->
<testsuite hostname="Songxiangs-MacBook-Air.local" name="uber.foodtruck.utils.TestFoodTruckInfoParserImpl1" tests="1" failures="0" timestamp="8 Dec 2014 06:47:23 GMT" time="0.646" errors="0">
  <testcase name="testParser1" time="0.646" classname="uber.foodtruck.utils.TestFoodTruckInfoParserImpl1"/>
</testsuite> <!-- uber.foodtruck.utils.TestFoodTruckInfoParserImpl1 -->
