<?xml version="1.0" encoding="UTF-8"?>
<!-- Generated by org.testng.reporters.JUnitReportReporter -->
<testsuite hostname="Songxiangs-MacBook-Air.local" name="uber.foodtruck.definitions.TestFoodTruckFeatureList" tests="1" failures="0" timestamp="9 Dec 2014 20:53:50 GMT" time="0.436" errors="0">
  <testcase name="testFoodTruckFeatureList" time="0.436" classname="uber.foodtruck.definitions.TestFoodTruckFeatureList"/>
</testsuite> <!-- uber.foodtruck.definitions.TestFoodTruckFeatureList -->
