<?xml version="1.0" encoding="UTF-8"?>
<!-- Generated by org.testng.reporters.JUnitReportReporter -->
<testsuite hostname="Songxiangs-MacBook-Air.local" name="uber.foodtruck.definitions.TestLongLat" tests="1" failures="0" timestamp="9 Dec 2014 20:53:43 GMT" time="0.462" errors="0">
  <testcase name="testLongLat" time="0.462" classname="uber.foodtruck.definitions.TestLongLat"/>
</testsuite> <!-- uber.foodtruck.definitions.TestLongLat -->
