<?xml version="1.0" encoding="UTF-8"?>
<!-- Generated by org.testng.reporters.JUnitReportReporter -->
<testsuite hostname="songxiangs-air.lan" name="uber.foodtruck.parser.TestMapInfoDistanceParser" tests="1" failures="0" timestamp="7 Dec 2014 04:05:28 GMT" time="0.149" errors="0">
  <testcase name="testMapInfoDistanceParser" time="0.149" classname="uber.foodtruck.parser.TestMapInfoDistanceParser"/>
</testsuite> <!-- uber.foodtruck.parser.TestMapInfoDistanceParser -->
