<?xml version="1.0" encoding="UTF-8"?>
<!-- Generated by org.testng.reporters.JUnitReportReporter -->
<testsuite hostname="songxiangs-air.lan" name="uber.foodtruck.parser.TestMapInfoLLParser" tests="1" failures="0" timestamp="7 Dec 2014 04:06:58 GMT" time="0.482" errors="0">
  <testcase name="testMapInfoDistanceParser" time="0.482" classname="uber.foodtruck.parser.TestMapInfoLLParser"/>
</testsuite> <!-- uber.foodtruck.parser.TestMapInfoLLParser -->
