<?xml version="1.0" encoding="UTF-8"?>
<!-- Generated by org.testng.reporters.JUnitReportReporter -->
<testsuite hostname="songxiangs-air.lan" name="uber.foodtruck.searchengine.TestFoodTruckSearchEngineImpl" tests="1" failures="0" timestamp="7 Dec 2014 12:35:49 GMT" time="19.420" errors="0">
  <testcase name="testFindCloestFoodTruckByLL" time="19.420" classname="uber.foodtruck.searchengine.TestFoodTruckSearchEngineImpl"/>
</testsuite> <!-- uber.foodtruck.searchengine.TestFoodTruckSearchEngineImpl -->
