<?xml version="1.0" encoding="UTF-8"?>
<!-- Generated by org.testng.reporters.JUnitReportReporter -->
<testsuite hostname="Songxiangs-MacBook-Air.local" name="uber.foodtruck.searchengine.TestIntegrationFoodTruckSearchEngineImpl" tests="1" failures="0" timestamp="9 Dec 2014 20:59:13 GMT" time="0.598" errors="0">
  <testcase name="testFindFoodTrucksByLL" time="0.598" classname="uber.foodtruck.searchengine.TestIntegrationFoodTruckSearchEngineImpl"/>
</testsuite> <!-- uber.foodtruck.searchengine.TestIntegrationFoodTruckSearchEngineImpl -->
